
                         MODELLER 10.8, 2025/11/04, r13157

     PROTEIN STRUCTURE MODELLING BY SATISFACTION OF SPATIAL RESTRAINTS


                     Copyright(c) 1989-2025 Andrej Sali
                            All Rights Reserved

                             Written by A. Sali
                               with help from
              B. Webb, M.S. Madhusudhan, M-Y. Shen, G.Q. Dong,
          M.A. Marti-Renom, N. Eswar, F. Alber, M. Topf, B. Oliva,
             A. Fiser, R. Sanchez, B. Yerkovich, A. Badretdinov,
                     F. Melo, J.P. Overington, E. Feyfant
                 University of California, San Francisco, USA
                    Rockefeller University, New York, USA
                      Harvard University, Cambridge, USA
                   Imperial Cancer Research Fund, London, UK
              Birkbeck College, University of London, London, UK


Kind, OS, HostName, Kernel, Processor: 4, Windows 8 build 9200, TEORA, SMP, x64
Date and time of compilation         : 2025/11/04 18:21:16
MODELLER executable type             : x86_64-w64
Job starting time (YY/MM/DD HH:MM:SS): 2026/02/09 11:15:01

mkapsa__637W> No residue topology library is in memory.
              Better radii would be used if topology.read() is called first.
iup2crm_280W> No topology library in memory or assigning a BLK residue.
              Default CHARMM atom type assigned:  N -->  N
              This message is written only for the first such atom.

Pairwise dynamic programming alignment (ALIGN2D):
  Residue-residue metric   : $(LIB)/as1.sim.mat
  Diagonal                 :          100
  Overhang                 :            0
  Maximal gap length       :           50
  Local alignment          :            F
  MATRIX_OFFSET (local aln):       0.0000
  FIX_OFFSETS              :      0.0    -1.0    -2.0    -3.0    -4.0
  N_SUBOPT                 :            0
  SUBOPT_OFFSET            :       0.0000
  Alignment block          :            1
  Gap introduction penalty :    -100.0000
  Gap extension penalty    :       0.0000
  Gap diagonal penalty     :       0.0000
  Structure gap penalties  :    3.500   3.500   3.500   0.200   4.000   6.500   2.000   0.000
  Break-break bonus        :   10000.0000
  Length of alignment      :          155
  Score                    :   99313.3203
Total CPU time [seconds]                                 :       0.33
