
                         MODELLER 10.8, 2025/11/04, r13157

     PROTEIN STRUCTURE MODELLING BY SATISFACTION OF SPATIAL RESTRAINTS


                     Copyright(c) 1989-2025 Andrej Sali
                            All Rights Reserved

                             Written by A. Sali
                               with help from
              B. Webb, M.S. Madhusudhan, M-Y. Shen, G.Q. Dong,
          M.A. Marti-Renom, N. Eswar, F. Alber, M. Topf, B. Oliva,
             A. Fiser, R. Sanchez, B. Yerkovich, A. Badretdinov,
                     F. Melo, J.P. Overington, E. Feyfant
                 University of California, San Francisco, USA
                    Rockefeller University, New York, USA
                      Harvard University, Cambridge, USA
                   Imperial Cancer Research Fund, London, UK
              Birkbeck College, University of London, London, UK


Kind, OS, HostName, Kernel, Processor: 4, Windows 8 build 9200, TEORA, SMP, x64
Date and time of compilation         : 2025/11/04 18:21:16
MODELLER executable type             : x86_64-w64
Job starting time (YY/MM/DD HH:MM:SS): 2026/02/09 11:16:48


check_ali___> Checking the sequence-structure alignment. 

Implied intrachain target CA(i)-CA(i+1) distances longer than  8.0 angstroms:

ALN_POS  TMPL  RID1  RID2  NAM1  NAM2     DIST
----------------------------------------------
    102     1   73    82      R     P    9.790
    119     1   98   103      G     S    9.120
END OF TABLE
read_to_681_> topology.submodel read from topology file:        3
patch_s_522_> Number of disulfides patched in MODEL:        1
mdtrsr__446W> A potential that relies on one protein is used, yet you have at
              least one known structure available. MDT, not library, potential is used.
0 atoms in HETATM/BLK residues constrained
to protein atoms within 2.30 angstroms
and protein CA atoms within 10.00 angstroms
0 atoms in residues without defined topology
constrained to be rigid bodies
condens_443_> Restraints marked for deletion were removed.
              Total number of restraints before, now:    12802    11677
iupac_m_397W> Atoms were not swapped because of the uncertainty of how to handle the H atom.
iupac_m_397W> Atoms were not swapped because of the uncertainty of how to handle the H atom.
iupac_m_397W> Atoms were not swapped because of the uncertainty of how to handle the H atom.
>> Model assessment by DOPE potential
iatmcls_286W> MODEL atom not classified:  THR:OXT  THR


>> ENERGY; Differences between the model's features and restraints:
Number of all residues in MODEL                   :      155
Number of all, selected real atoms                :     1249    1249
Number of all, selected pseudo atoms              :        0       0
Number of all static, selected restraints         :    11677   11677
COVALENT_CYS                                      :        F
NONBONDED_SEL_ATOMS                               :        1
Number of non-bonded pairs (excluding 1-2,1-3,1-4):   193325
Dynamic pairs routine                             : 1, NATM x NATM double loop
Atomic shift for contacts update (UPDATE_DYNAMIC) :    0.390
LENNARD_JONES_SWITCH                              :    6.500   7.500
COULOMB_JONES_SWITCH                              :    6.500   7.500
RESIDUE_SPAN_RANGE                                :        1    9999
NLOGN_USE                                         :       15
CONTACT_SHELL                                     :   15.000
DYNAMIC_PAIRS,_SPHERE,_COULOMB,_LENNARD,_MODELLER :        T       F       F       F       T
SPHERE_STDV                                       :    0.050
RADII_FACTOR                                      :    0.820
Current energy                                    :      -16232.5332




<< end of ENERGY.
DOPE score               : -16232.533203
>> Model assessment by GA341 potential

Surface library          : C:\Program Files\Modeller10.8/modlib/surf5.de
Pair library             : C:\Program Files\Modeller10.8/modlib/pair9.de
Chain identifier         : _
% sequence identity      :    98.276001
Sequence length          :          155
Compactness              :     0.059354
Native energy (pair)     :  -127.808782
Native energy (surface)  :    -1.058666
Native energy (combined) :    -4.825967
Z score (pair)           :    -5.061098
Z score (surface)        :    -4.281218
Z score (combined)       :    -6.814625
GA341 score              :     1.000000



>> ENERGY; Differences between the model's features and restraints:
Number of all residues in MODEL                   :      155
Number of all, selected real atoms                :     1249    1249
Number of all, selected pseudo atoms              :        0       0
Number of all static, selected restraints         :    11677   11677
COVALENT_CYS                                      :        F
NONBONDED_SEL_ATOMS                               :        1
Number of non-bonded pairs (excluding 1-2,1-3,1-4):     2544
Dynamic pairs routine                             : 2, NATM x NATM cell sorting
Atomic shift for contacts update (UPDATE_DYNAMIC) :    0.390
LENNARD_JONES_SWITCH                              :    6.500   7.500
COULOMB_JONES_SWITCH                              :    6.500   7.500
RESIDUE_SPAN_RANGE                                :        0   99999
NLOGN_USE                                         :       15
CONTACT_SHELL                                     :    4.000
DYNAMIC_PAIRS,_SPHERE,_COULOMB,_LENNARD,_MODELLER :        T       T       F       F       F
SPHERE_STDV                                       :    0.050
RADII_FACTOR                                      :    0.820
Current energy                                    :         999.6037





Summary of the restraint violations: 

   NUM     ... number of restraints.
   NUMVI   ... number of restraints with RVIOL > VIOL_REPORT_CUT[i].
   RVIOL   ... relative difference from the best value.
   NUMVP   ... number of restraints with -Ln(pdf) > VIOL_REPORT_CUT2[i].
   RMS_1   ... RMS(feature, minimally_violated_basis_restraint, NUMB).
   RMS_2   ... RMS(feature, best_value, NUMB).
   MOL.PDF ... scaled contribution to -Ln(Molecular pdf).

 #                     RESTRAINT_GROUP      NUM   NUMVI  NUMVP   RMS_1   RMS_2         MOL.PDF     S_i
------------------------------------------------------------------------------------------------------
 1 Bond length potential              :    1268       0      0   0.006   0.006      12.644       1.000
 2 Bond angle potential               :    1714       0      3   1.928   1.928      120.70       1.000
 3 Stereochemical cosine torsion poten:     775       0     14  45.104  45.104      253.98       1.000
 4 Stereochemical improper torsion pot:     512       0      0   1.218   1.218      14.974       1.000
 5 Soft-sphere overlap restraints     :    2544       0      0   0.002   0.002      1.4131       1.000
 6 Lennard-Jones 6-12 potential       :       0       0      0   0.000   0.000      0.0000       1.000
 7 Coulomb point-point electrostatic p:       0       0      0   0.000   0.000      0.0000       1.000
 8 H-bonding potential                :       0       0      0   0.000   0.000      0.0000       1.000
 9 Distance restraints 1 (CA-CA)      :    1921       0     11   0.472   0.472      151.70       1.000
10 Distance restraints 2 (N-O)        :    2025       0      7   0.482   0.482      144.21       1.000
11 Mainchain Phi dihedral restraints  :       0       0      0   0.000   0.000      0.0000       1.000
12 Mainchain Psi dihedral restraints  :       0       0      0   0.000   0.000      0.0000       1.000
13 Mainchain Omega dihedral restraints:     154       1      2  14.454  14.454      38.148       1.000
14 Sidechain Chi_1 dihedral restraints:     146       0      2  62.091  62.091      22.956       1.000
15 Sidechain Chi_2 dihedral restraints:     111       0      3  63.408  63.408      44.678       1.000
16 Sidechain Chi_3 dihedral restraints:      47       0      0  72.914  72.914      33.014       1.000
17 Sidechain Chi_4 dihedral restraints:      17       0      0  87.730  87.730      15.830       1.000
18 Disulfide distance restraints      :       1       0      0   0.002   0.002     0.67950E-03   1.000
19 Disulfide angle restraints         :       2       0      0   1.034   1.034     0.47186E-01   1.000
20 Disulfide dihedral angle restraints:       1       0      0  56.594  56.594      1.7857       1.000
21 Lower bound distance restraints    :       0       0      0   0.000   0.000      0.0000       1.000
22 Upper bound distance restraints    :       0       0      0   0.000   0.000      0.0000       1.000
23 Distance restraints 3 (SDCH-MNCH)  :    1772       0      0   0.411   0.411      30.653       1.000
24 Sidechain Chi_5 dihedral restraints:       0       0      0   0.000   0.000      0.0000       1.000
25 Phi/Psi pair of dihedral restraints:     153      32     15  25.520  77.590      39.036       1.000
26 Distance restraints 4 (SDCH-SDCH)  :    1058       0      0   0.924   0.924      73.831       1.000
27 Distance restraints 5 (X-Y)        :       0       0      0   0.000   0.000      0.0000       1.000
28 NMR distance restraints 6 (X-Y)    :       0       0      0   0.000   0.000      0.0000       1.000
29 NMR distance restraints 7 (X-Y)    :       0       0      0   0.000   0.000      0.0000       1.000
30 Minimal distance restraints        :       0       0      0   0.000   0.000      0.0000       1.000
31 Non-bonded restraints              :       0       0      0   0.000   0.000      0.0000       1.000
32 Atomic accessibility restraints    :       0       0      0   0.000   0.000      0.0000       1.000
33 Atomic density restraints          :       0       0      0   0.000   0.000      0.0000       1.000
34 Absolute position restraints       :       0       0      0   0.000   0.000      0.0000       1.000
35 Dihedral angle difference restraint:       0       0      0   0.000   0.000      0.0000       1.000
36 GBSA implicit solvent potential    :       0       0      0   0.000   0.000      0.0000       1.000
37 EM density fitting potential       :       0       0      0   0.000   0.000      0.0000       1.000
38 SAXS restraints                    :       0       0      0   0.000   0.000      0.0000       1.000
39 Symmetry restraints                :       0       0      0   0.000   0.000      0.0000       1.000



# Heavy relative violation of each residue is written to: TvLDH.V99990001
# The profile is NOT normalized by the number of restraints.
# The profiles are smoothed over a window of residues:    1
# The sum of all numbers in the file:   18255.4805



List of the violated restraints:
   A restraint is violated when the relative difference
   from the best value (RVIOL) is larger than CUTOFF.

   ICSR   ... index of a restraint in the current set.
   RESNO  ... residue numbers of the first two atoms.
   ATM    ... IUPAC atom names of the first two atoms.
   FEAT   ... the value of the feature in the model.
   restr  ... the mean of the basis restraint with the smallest
              difference from the model (local minimum).
   viol   ... difference from the local minimum.
   rviol  ... relative difference from the local minimum.
   RESTR  ... the best value (global minimum).
   VIOL   ... difference from the best value.
   RVIOL  ... relative difference from the best value.


-------------------------------------------------------------------------------------------------

Feature 13                           : Mainchain Omega dihedral restraints     
List of the RVIOL violations larger than   :       4.5000

    #   ICSR  RESNO1/2 ATM1/2   INDATM1/2    FEAT   restr    viol   rviol   RESTR    VIOL   RVIOL
    1   4528 102R 102R CA  C     815  823  169.82   -0.75  170.57   34.80   -0.75  170.57   34.80

-------------------------------------------------------------------------------------------------

Feature 25                           : Phi/Psi pair of dihedral restraints     
List of the RVIOL violations larger than   :       6.5000

    #   ICSR  RESNO1/2 ATM1/2   INDATM1/2    FEAT   restr    viol   rviol   RESTR    VIOL   RVIOL
    1   4274   1M   2Y C   N       7    9 -105.07  -98.40   17.42    1.70  -63.50  161.16   23.59
    1          2Y   2Y N   CA      9   10  112.31  128.40                  -43.40
    2   4275   2Y   3R C   N      19   21  -66.96  -72.10    9.03    0.78  -63.00  169.63   23.18
    2          3R   3R N   CA     21   22  149.32  141.90                  -41.10
    3   4276   3R   4M C   N      30   32 -107.21 -125.60   20.81    0.63  -63.40  176.78   23.36
    3          4M   4M N   CA     32   33  130.77  140.50                  -40.50
    4   4279   6L   7L C   N      55   57  -73.00  -70.70    2.47    0.25  -63.50  178.33   25.32
    4          7L   7L N   CA     57   58  140.72  141.60                  -41.20
    5   4280   7L   8S C   N      63   65  -88.41  -72.40   39.51    1.86  -64.10  138.62   11.66
    5          8S   8S N   CA     65   66 -171.47  152.40                  -35.00
    6   4281   8S   9C C   N      69   71  -57.53  -63.00   17.11    1.80 -117.90  172.50    7.50
    6          9C   9C N   CA     71   72  -57.31  -41.10                  141.10
    7   4283  10I  11A C   N      83   85  -74.77  -68.20    9.63    0.61  -62.50  167.21   28.02
    7         11A  11A N   CA     85   86  152.34  145.30                  -40.90
    8   4284  11A  12L C   N      88   90 -138.96 -108.50   36.49    1.61  -63.50 -177.48   30.01
    8         12L  12L N   CA     90   91  152.61  132.50                  -41.20
    9   4285  12L  13S C   N      96   98 -155.65 -136.60   19.14    0.71  -64.10 -165.20   20.69
    9         13S  13S N   CA     98   99  153.05  151.20                  -35.00
   10   4286  13S  14L C   N     102  104  -99.99 -108.50    8.57    0.42  -63.50  178.55   22.96
   10         14L  14L N   CA    104  105  133.58  132.50                  -41.20
   11   4287  14L  15A C   N     110  112 -137.72 -134.00   16.41    0.83  -62.50  173.30   32.43
   11         15A  15A N   CA    112  113  162.98  147.00                  -40.90
   12   4288  15A  16L C   N     115  117  -90.10 -108.50   19.46    0.87  -63.50  169.48   22.15
   12         16L  16L N   CA    117  118  126.18  132.50                  -41.20
   13   4290  17V  18T C   N     130  132  -85.10  -78.10   30.40    1.09  -63.20  140.24   19.44
   13         18T  18T N   CA    132  133  179.38  149.80                  -42.10
   14   4291  18T  19N C   N     137  139  -68.14  -71.20   38.00    2.35  -63.20  146.11   18.00
   14         19N  19N N   CA    139  140  104.92  142.80                  -41.10
   15   4292  19N  20S C   N     145  147 -156.52 -136.60   19.97    0.76  -64.10 -164.36   20.82
   15         20S  20S N   CA    147  148  152.56  151.20                  -35.00
   16   4293  20S  21A C   N     151  153 -169.86 -134.00   35.92    1.27  -62.50 -155.32   39.25
   16         21A  21A N   CA    153  154  144.84  147.00                  -40.90
   17   4295  22P  23T C   N     163  165 -148.28 -124.80   23.50    1.22  -63.20 -166.88   30.30
   17         23T  23T N   CA    165  166  144.54  143.50                  -42.10
   18   4296  23T  24S C   N     170  172 -103.03  -72.40   30.88    2.31  -64.10 -179.25   15.73
   18         24S  24S N   CA    172  173  148.49  152.40                  -35.00
   19   4297  24S  25S C   N     176  178 -174.48 -136.60   44.74    1.36  -64.10 -173.76   21.46
   19         25S  25S N   CA    178  179  174.99  151.20                  -35.00
   20   4298  25S  26S C   N     182  184 -109.95 -136.60   29.48    0.91  -64.10  179.54   11.15
   20         26S  26S N   CA    184  185  138.59  151.20                  -35.00
   21   4316  43M  44V C   N     330  332  -74.29  -62.40   14.58    2.48 -125.40  173.56    9.63
   21         44V  44V N   CA    332  333  -50.83  -42.40                  143.30
   22   4323  50N  51N C   N     381  383 -102.01 -119.90   84.30    3.39  -63.20  103.29   11.27
   22         51N  51N N   CA    383  384   54.62  137.00                  -41.10
   23   4366  93L  94A C   N     746  748  -53.70  -68.20   44.57    3.09  -62.50  144.32   24.09
   23         94A  94A N   CA    748  749  103.15  145.30                  -40.90
   24   4367  94A  95Q C   N     751  753  148.64 -121.10   93.46    3.07  -63.80 -145.47   38.50
   24         95Q  95Q N   CA    753  754  163.97  139.70                  -40.30
   25   4368  95Q  96S C   N     760  762  -91.54  -72.40   77.82    3.96  -64.10  100.97    9.21
   25         96S  96S N   CA    762  763 -132.17  152.40                  -35.00
   26   4370  97K  98N C   N     775  777  -51.51  -71.20   20.39    1.33  -63.20  178.97   23.03
   26         98N  98N N   CA    777  778  137.49  142.80                  -41.10
   27   4372  99F 100H C   N     794  796  -57.81  -67.60    9.95    0.69  -63.20  179.52   22.11
   27        100H 100H N   CA    796  797  138.26  140.00                  -42.30
   28   4373 100H 101L C   N     804  806 -105.82 -108.50   28.29    1.55  -63.50  163.70   25.33
   28        101L 101L N   CA    806  807  160.66  132.50                  -41.20
   29   4375 102R 103P C   N     823  825 -145.13  -64.50   87.52    9.79  -64.50   87.52    9.79
   29        103P 103P N   CA    825  826  113.18  147.20                  147.20
   30   4393 120S 121E C   N     961  963 -150.86  -63.60  110.77   18.99  -63.60  110.77   18.99
   30        121E 121E N   CA    963  964 -108.53  -40.30                  -40.30
   31   4396 123T 124F C   N     984  986 -107.18 -124.20   30.25    0.92  -63.20  168.43   20.65
   31        124F 124F N   CA    986  987  118.29  143.30                  -44.30
   32   4404 131E 132K C   N    1052 1054  -90.00  -62.90   86.28   10.07  -62.90   86.28   10.07
   32        132K 132K N   CA   1054 1055   41.12  -40.80                  -40.80


report______> Distribution of short non-bonded contacts:


DISTANCE1:  0.00 2.10 2.20 2.30 2.40 2.50 2.60 2.70 2.80 2.90 3.00 3.10 3.20 3.30 3.40
DISTANCE2:  2.10 2.20 2.30 2.40 2.50 2.60 2.70 2.80 2.90 3.00 3.10 3.20 3.30 3.40 3.50
FREQUENCY:     0    0    0    0    0    8   17   56   92  127  103  162  192  206  180


<< end of ENERGY.
>> Model assessment by DOPE potential
iatmcls_286W> MODEL atom not classified:  THR:OXT  THR


>> ENERGY; Differences between the model's features and restraints:
Number of all residues in MODEL                   :      155
Number of all, selected real atoms                :     1249    1249
Number of all, selected pseudo atoms              :        0       0
Number of all static, selected restraints         :    11677   11677
COVALENT_CYS                                      :        F
NONBONDED_SEL_ATOMS                               :        1
Number of non-bonded pairs (excluding 1-2,1-3,1-4):   194641
Dynamic pairs routine                             : 1, NATM x NATM double loop
Atomic shift for contacts update (UPDATE_DYNAMIC) :    0.390
LENNARD_JONES_SWITCH                              :    6.500   7.500
COULOMB_JONES_SWITCH                              :    6.500   7.500
RESIDUE_SPAN_RANGE                                :        1    9999
NLOGN_USE                                         :       15
CONTACT_SHELL                                     :   15.000
DYNAMIC_PAIRS,_SPHERE,_COULOMB,_LENNARD,_MODELLER :        T       F       F       F       T
SPHERE_STDV                                       :    0.050
RADII_FACTOR                                      :    0.820
Current energy                                    :      -16037.7959




<< end of ENERGY.
DOPE score               : -16037.795898
>> Model assessment by GA341 potential

Surface library          : C:\Program Files\Modeller10.8/modlib/surf5.de
Pair library             : C:\Program Files\Modeller10.8/modlib/pair9.de
Chain identifier         : _
% sequence identity      :    98.276001
Sequence length          :          155
Compactness              :     0.094526
Native energy (pair)     :  -124.900342
Native energy (surface)  :    -2.311638
Native energy (combined) :    -4.717196
Z score (pair)           :    -4.396609
Z score (surface)        :    -5.132297
Z score (combined)       :    -6.269850
GA341 score              :     1.000000



>> ENERGY; Differences between the model's features and restraints:
Number of all residues in MODEL                   :      155
Number of all, selected real atoms                :     1249    1249
Number of all, selected pseudo atoms              :        0       0
Number of all static, selected restraints         :    11677   11677
COVALENT_CYS                                      :        F
NONBONDED_SEL_ATOMS                               :        1
Number of non-bonded pairs (excluding 1-2,1-3,1-4):     2521
Dynamic pairs routine                             : 2, NATM x NATM cell sorting
Atomic shift for contacts update (UPDATE_DYNAMIC) :    0.390
LENNARD_JONES_SWITCH                              :    6.500   7.500
COULOMB_JONES_SWITCH                              :    6.500   7.500
RESIDUE_SPAN_RANGE                                :        0   99999
NLOGN_USE                                         :       15
CONTACT_SHELL                                     :    4.000
DYNAMIC_PAIRS,_SPHERE,_COULOMB,_LENNARD,_MODELLER :        T       T       F       F       F
SPHERE_STDV                                       :    0.050
RADII_FACTOR                                      :    0.820
Current energy                                    :         955.7546





Summary of the restraint violations: 

   NUM     ... number of restraints.
   NUMVI   ... number of restraints with RVIOL > VIOL_REPORT_CUT[i].
   RVIOL   ... relative difference from the best value.
   NUMVP   ... number of restraints with -Ln(pdf) > VIOL_REPORT_CUT2[i].
   RMS_1   ... RMS(feature, minimally_violated_basis_restraint, NUMB).
   RMS_2   ... RMS(feature, best_value, NUMB).
   MOL.PDF ... scaled contribution to -Ln(Molecular pdf).

 #                     RESTRAINT_GROUP      NUM   NUMVI  NUMVP   RMS_1   RMS_2         MOL.PDF     S_i
------------------------------------------------------------------------------------------------------
 1 Bond length potential              :    1268       0      1   0.006   0.006      12.157       1.000
 2 Bond angle potential               :    1714       0      7   2.085   2.085      135.92       1.000
 3 Stereochemical cosine torsion poten:     775       0     19  46.151  46.151      269.16       1.000
 4 Stereochemical improper torsion pot:     512       0      0   1.195   1.195      14.010       1.000
 5 Soft-sphere overlap restraints     :    2521       0      0   0.002   0.002      1.7157       1.000
 6 Lennard-Jones 6-12 potential       :       0       0      0   0.000   0.000      0.0000       1.000
 7 Coulomb point-point electrostatic p:       0       0      0   0.000   0.000      0.0000       1.000
 8 H-bonding potential                :       0       0      0   0.000   0.000      0.0000       1.000
 9 Distance restraints 1 (CA-CA)      :    1921       0     11   0.475   0.475      149.10       1.000
10 Distance restraints 2 (N-O)        :    2025       0     12   0.471   0.471      141.06       1.000
11 Mainchain Phi dihedral restraints  :       0       0      0   0.000   0.000      0.0000       1.000
12 Mainchain Psi dihedral restraints  :       0       0      0   0.000   0.000      0.0000       1.000
13 Mainchain Omega dihedral restraints:     154       0      3   4.447   4.447      35.120       1.000
14 Sidechain Chi_1 dihedral restraints:     146       0      0  61.695  61.695      14.622       1.000
15 Sidechain Chi_2 dihedral restraints:     111       0      1  60.827  60.827      23.228       1.000
16 Sidechain Chi_3 dihedral restraints:      47       0      0  70.993  70.993      33.019       1.000
17 Sidechain Chi_4 dihedral restraints:      17       0      0  83.854  83.854      12.028       1.000
18 Disulfide distance restraints      :       1       0      0   0.002   0.002     0.64784E-03   1.000
19 Disulfide angle restraints         :       2       0      0   1.286   1.286     0.72990E-01   1.000
20 Disulfide dihedral angle restraints:       1       0      0  48.400  48.400      1.6390       1.000
21 Lower bound distance restraints    :       0       0      0   0.000   0.000      0.0000       1.000
22 Upper bound distance restraints    :       0       0      0   0.000   0.000      0.0000       1.000
23 Distance restraints 3 (SDCH-MNCH)  :    1772       0      0   0.455   0.455      36.728       1.000
24 Sidechain Chi_5 dihedral restraints:       0       0      0   0.000   0.000      0.0000       1.000
25 Phi/Psi pair of dihedral restraints:     153      33     19  25.279  83.523      12.891       1.000
26 Distance restraints 4 (SDCH-SDCH)  :    1058       0      0   0.864   0.864      63.285       1.000
27 Distance restraints 5 (X-Y)        :       0       0      0   0.000   0.000      0.0000       1.000
28 NMR distance restraints 6 (X-Y)    :       0       0      0   0.000   0.000      0.0000       1.000
29 NMR distance restraints 7 (X-Y)    :       0       0      0   0.000   0.000      0.0000       1.000
30 Minimal distance restraints        :       0       0      0   0.000   0.000      0.0000       1.000
31 Non-bonded restraints              :       0       0      0   0.000   0.000      0.0000       1.000
32 Atomic accessibility restraints    :       0       0      0   0.000   0.000      0.0000       1.000
33 Atomic density restraints          :       0       0      0   0.000   0.000      0.0000       1.000
34 Absolute position restraints       :       0       0      0   0.000   0.000      0.0000       1.000
35 Dihedral angle difference restraint:       0       0      0   0.000   0.000      0.0000       1.000
36 GBSA implicit solvent potential    :       0       0      0   0.000   0.000      0.0000       1.000
37 EM density fitting potential       :       0       0      0   0.000   0.000      0.0000       1.000
38 SAXS restraints                    :       0       0      0   0.000   0.000      0.0000       1.000
39 Symmetry restraints                :       0       0      0   0.000   0.000      0.0000       1.000



# Heavy relative violation of each residue is written to: TvLDH.V99990002
# The profile is NOT normalized by the number of restraints.
# The profiles are smoothed over a window of residues:    1
# The sum of all numbers in the file:   18391.0410



List of the violated restraints:
   A restraint is violated when the relative difference
   from the best value (RVIOL) is larger than CUTOFF.

   ICSR   ... index of a restraint in the current set.
   RESNO  ... residue numbers of the first two atoms.
   ATM    ... IUPAC atom names of the first two atoms.
   FEAT   ... the value of the feature in the model.
   restr  ... the mean of the basis restraint with the smallest
              difference from the model (local minimum).
   viol   ... difference from the local minimum.
   rviol  ... relative difference from the local minimum.
   RESTR  ... the best value (global minimum).
   VIOL   ... difference from the best value.
   RVIOL  ... relative difference from the best value.


-------------------------------------------------------------------------------------------------

Feature 25                           : Phi/Psi pair of dihedral restraints     
List of the RVIOL violations larger than   :       6.5000

    #   ICSR  RESNO1/2 ATM1/2   INDATM1/2    FEAT   restr    viol   rviol   RESTR    VIOL   RVIOL
    1   4274   1M   2Y C   N       7    9 -118.22 -124.30    6.15    0.43  -63.50 -173.93   26.97
    1          2Y   2Y N   CA      9   10  134.44  135.40                  -43.40
    2   4275   2Y   3R C   N      19   21 -110.29 -125.20   15.02    0.56  -63.00 -174.00   22.34
    2          3R   3R N   CA     21   22  138.79  140.60                  -41.10
    3   4276   3R   4M C   N      30   32 -146.95 -125.60   25.04    0.74  -63.40 -174.23   34.28
    3          4M   4M N   CA     32   33  153.58  140.50                  -40.50
    4   4277   4M   5Q C   N      38   40 -119.16 -121.10    2.69    0.14  -63.80 -173.46   30.38
    4          5Q   5Q N   CA     40   41  141.56  139.70                  -40.30
    5   4278   5Q   6L C   N      47   49  -92.66 -108.50   22.00    0.99  -63.50  161.10   20.88
    5          6L   6L N   CA     49   50  117.23  132.50                  -41.20
    6   4280   7L   8S C   N      63   65 -166.98 -136.60   30.60    1.12  -64.10 -161.13   21.83
    6          8S   8S N   CA     65   66  154.80  151.20                  -35.00
    7   4282   9C  10I C   N      75   77  -62.25  -63.40    3.08    0.47 -120.60 -173.86    8.52
    7         10I  10I N   CA     77   78  -46.46  -43.60                  130.30
    8   4283  10I  11A C   N      83   85  156.83 -134.00   69.39    2.10  -62.50 -141.93   43.04
    8         11A  11A N   CA     85   86  152.48  147.00                  -40.90
    9   4284  11A  12L C   N      88   90 -122.35 -108.50   30.68    1.75  -63.50  157.72   19.47
    9         12L  12L N   CA     90   91  105.13  132.50                  -41.20
   10   4285  12L  13S C   N      96   98 -108.80 -136.60   66.79    2.69  -64.10  133.19    8.21
   10         13S  13S N   CA     98   99   90.47  151.20                  -35.00
   11   4286  13S  14L C   N     102  104 -141.38 -108.50   35.24    1.84  -63.50  178.87   21.94
   11         14L  14L N   CA    104  105  119.83  132.50                  -41.20
   12   4287  14L  15A C   N     110  112  -98.21  -68.20   48.16    4.71  -62.50  152.76   23.55
   12         15A  15A N   CA    112  113  107.63  145.30                  -40.90
   13   4288  15A  16L C   N     115  117 -146.45 -108.50   38.80    1.95  -63.50 -174.77   22.70
   13         16L  16L N   CA    117  118  124.41  132.50                  -41.20
   14   4290  17V  18T C   N     130  132 -156.75 -124.80   37.15    1.41  -63.20 -178.58   29.23
   14         18T  18T N   CA    132  133  162.45  143.50                  -42.10
   15   4291  18T  19N C   N     137  139 -144.77 -119.90   33.86    0.98  -63.20  178.64   26.92
   15         19N  19N N   CA    139  140  159.97  137.00                  -41.10
   16   4292  19N  20S C   N     145  147  -91.75  -72.40   52.52    3.74  -64.10  141.31    8.97
   16         20S  20S N   CA    147  148  103.57  152.40                  -35.00
   17   4293  20S  21A C   N     151  153  160.01 -134.00   76.02    1.77  -62.50 -167.77   38.46
   17         21A  21A N   CA    153  154 -175.25  147.00                  -40.90
   18   4295  22P  23T C   N     163  165  -67.97  -78.10   15.17    0.54  -63.20  179.45   23.33
   18         23T  23T N   CA    165  166  138.51  149.80                  -42.10
   19   4296  23T  24S C   N     170  172 -137.00 -136.60    6.67    0.33  -64.10 -177.66   18.40
   19         24S  24S N   CA    172  173  157.86  151.20                  -35.00
   20   4297  24S  25S C   N     176  178 -150.87 -136.60   32.67    1.30  -64.10  168.47   18.46
   20         25S  25S N   CA    178  179 -179.41  151.20                  -35.00
   21   4298  25S  26S C   N     182  184  -61.44  -72.40   15.26    0.73  -64.10  176.80   12.97
   21         26S  26S N   CA    184  185  141.78  152.40                  -35.00
   22   4316  43M  44V C   N     330  332  -76.97  -62.40   17.37    2.97 -125.40  171.81    9.50
   22         44V  44V N   CA    332  333  -51.86  -42.40                  143.30
   23   4366  93L  94A C   N     746  748  -43.35  -68.20   28.33    1.92  -62.50  173.66   29.44
   23         94A  94A N   CA    748  749  131.70  145.30                  -40.90
   24   4367  94A  95Q C   N     751  753  -58.20  -73.00   15.38    1.17  -63.80  174.89   25.42
   24         95Q  95Q N   CA    753  754  144.90  140.70                  -40.30
   25   4368  95Q  96S C   N     760  762  -71.18  -72.40    5.27    0.27  -64.10  177.87   13.32
   25         96S  96S N   CA    762  763  147.27  152.40                  -35.00
   26   4369  96S  97K C   N     766  768  157.51 -118.00  115.73    4.04  -62.90  172.31   29.92
   26         97K  97K N   CA    768  769 -141.81  139.10                  -40.80
   27   4370  97K  98N C   N     775  777  -61.62  -71.20   14.29    1.14  -63.20  165.51   20.61
   27         98N  98N N   CA    777  778  153.40  142.80                  -41.10
   28   4371  98N  99F C   N     783  785  -57.05  -71.40   20.12    1.16  -63.20  171.01   24.16
   28         99F  99F N   CA    785  786  126.60  140.70                  -44.30
   29   4372  99F 100H C   N     794  796 -158.05 -125.60   32.48    1.10  -63.20 -158.88   31.29
   29        100H 100H N   CA    796  797  140.35  138.80                  -42.30
   30   4373 100H 101L C   N     804  806 -139.59 -108.50   45.34    2.05  -63.50  171.13   28.47
   30        101L 101L N   CA    806  807  165.51  132.50                  -41.20
   31   4393 120S 121E C   N     961  963 -132.14 -117.80   54.08    2.91  -63.60  142.52   16.48
   31        121E 121E N   CA    963  964   84.65  136.80                  -40.30
   32   4394 121E 122T C   N     970  972 -164.13 -124.80   82.50    2.60  -63.20  143.41   24.33
   32        122T 122T N   CA    972  973 -143.98  143.50                  -42.10
   33   4396 123T 124F C   N     984  986  -58.52  -71.40   13.27    0.80  -63.20  178.26   24.44
   33        124F 124F N   CA    986  987  137.50  140.70                  -44.30


report______> Distribution of short non-bonded contacts:


DISTANCE1:  0.00 2.10 2.20 2.30 2.40 2.50 2.60 2.70 2.80 2.90 3.00 3.10 3.20 3.30 3.40
DISTANCE2:  2.10 2.20 2.30 2.40 2.50 2.60 2.70 2.80 2.90 3.00 3.10 3.20 3.30 3.40 3.50
FREQUENCY:     0    0    0    0    0   11   20   64   98  126  120  129  196  180  196


<< end of ENERGY.
iupac_m_397W> Atoms were not swapped because of the uncertainty of how to handle the H atom.
iupac_m_397W> Atoms were not swapped because of the uncertainty of how to handle the H atom.
>> Model assessment by DOPE potential
iatmcls_286W> MODEL atom not classified:  THR:OXT  THR


>> ENERGY; Differences between the model's features and restraints:
Number of all residues in MODEL                   :      155
Number of all, selected real atoms                :     1249    1249
Number of all, selected pseudo atoms              :        0       0
Number of all static, selected restraints         :    11677   11677
COVALENT_CYS                                      :        F
NONBONDED_SEL_ATOMS                               :        1
Number of non-bonded pairs (excluding 1-2,1-3,1-4):   195531
Dynamic pairs routine                             : 1, NATM x NATM double loop
Atomic shift for contacts update (UPDATE_DYNAMIC) :    0.390
LENNARD_JONES_SWITCH                              :    6.500   7.500
COULOMB_JONES_SWITCH                              :    6.500   7.500
RESIDUE_SPAN_RANGE                                :        1    9999
NLOGN_USE                                         :       15
CONTACT_SHELL                                     :   15.000
DYNAMIC_PAIRS,_SPHERE,_COULOMB,_LENNARD,_MODELLER :        T       F       F       F       T
SPHERE_STDV                                       :    0.050
RADII_FACTOR                                      :    0.820
Current energy                                    :      -16372.7236




<< end of ENERGY.
DOPE score               : -16372.723633
>> Model assessment by GA341 potential

Surface library          : C:\Program Files\Modeller10.8/modlib/surf5.de
Pair library             : C:\Program Files\Modeller10.8/modlib/pair9.de
Chain identifier         : _
% sequence identity      :    98.276001
Sequence length          :          155
Compactness              :     0.149663
Native energy (pair)     :  -138.204084
Native energy (surface)  :    -2.852884
Native energy (combined) :    -5.400381
Z score (pair)           :    -4.781272
Z score (surface)        :    -4.918098
Z score (combined)       :    -6.412786
GA341 score              :     1.000000



>> ENERGY; Differences between the model's features and restraints:
Number of all residues in MODEL                   :      155
Number of all, selected real atoms                :     1249    1249
Number of all, selected pseudo atoms              :        0       0
Number of all static, selected restraints         :    11677   11677
COVALENT_CYS                                      :        F
NONBONDED_SEL_ATOMS                               :        1
Number of non-bonded pairs (excluding 1-2,1-3,1-4):     2483
Dynamic pairs routine                             : 2, NATM x NATM cell sorting
Atomic shift for contacts update (UPDATE_DYNAMIC) :    0.390
LENNARD_JONES_SWITCH                              :    6.500   7.500
COULOMB_JONES_SWITCH                              :    6.500   7.500
RESIDUE_SPAN_RANGE                                :        0   99999
NLOGN_USE                                         :       15
CONTACT_SHELL                                     :    4.000
DYNAMIC_PAIRS,_SPHERE,_COULOMB,_LENNARD,_MODELLER :        T       T       F       F       F
SPHERE_STDV                                       :    0.050
RADII_FACTOR                                      :    0.820
Current energy                                    :        1068.0276





Summary of the restraint violations: 

   NUM     ... number of restraints.
   NUMVI   ... number of restraints with RVIOL > VIOL_REPORT_CUT[i].
   RVIOL   ... relative difference from the best value.
   NUMVP   ... number of restraints with -Ln(pdf) > VIOL_REPORT_CUT2[i].
   RMS_1   ... RMS(feature, minimally_violated_basis_restraint, NUMB).
   RMS_2   ... RMS(feature, best_value, NUMB).
   MOL.PDF ... scaled contribution to -Ln(Molecular pdf).

 #                     RESTRAINT_GROUP      NUM   NUMVI  NUMVP   RMS_1   RMS_2         MOL.PDF     S_i
------------------------------------------------------------------------------------------------------
 1 Bond length potential              :    1268       0      0   0.006   0.006      13.814       1.000
 2 Bond angle potential               :    1714       1      7   2.186   2.186      153.18       1.000
 3 Stereochemical cosine torsion poten:     775       0     18  45.971  45.971      259.96       1.000
 4 Stereochemical improper torsion pot:     512       0      0   1.303   1.303      17.333       1.000
 5 Soft-sphere overlap restraints     :    2483       0      0   0.002   0.002      1.2831       1.000
 6 Lennard-Jones 6-12 potential       :       0       0      0   0.000   0.000      0.0000       1.000
 7 Coulomb point-point electrostatic p:       0       0      0   0.000   0.000      0.0000       1.000
 8 H-bonding potential                :       0       0      0   0.000   0.000      0.0000       1.000
 9 Distance restraints 1 (CA-CA)      :    1921       0     11   0.460   0.460      146.48       1.000
10 Distance restraints 2 (N-O)        :    2025       1     14   0.517   0.517      181.38       1.000
11 Mainchain Phi dihedral restraints  :       0       0      0   0.000   0.000      0.0000       1.000
12 Mainchain Psi dihedral restraints  :       0       0      0   0.000   0.000      0.0000       1.000
13 Mainchain Omega dihedral restraints:     154       1      1  12.956  12.956      44.416       1.000
14 Sidechain Chi_1 dihedral restraints:     146       0      1  64.150  64.150      23.567       1.000
15 Sidechain Chi_2 dihedral restraints:     111       0      0  65.562  65.562      30.284       1.000
16 Sidechain Chi_3 dihedral restraints:      47       0      0  69.523  69.523      33.294       1.000
17 Sidechain Chi_4 dihedral restraints:      17       0      0  93.122  93.122      13.321       1.000
18 Disulfide distance restraints      :       1       0      0   0.004   0.004     0.32692E-02   1.000
19 Disulfide angle restraints         :       2       0      0   1.444   1.444     0.92094E-01   1.000
20 Disulfide dihedral angle restraints:       1       0      0  48.132  48.132      1.6318       1.000
21 Lower bound distance restraints    :       0       0      0   0.000   0.000      0.0000       1.000
22 Upper bound distance restraints    :       0       0      0   0.000   0.000      0.0000       1.000
23 Distance restraints 3 (SDCH-MNCH)  :    1772       0      0   0.436   0.436      37.236       1.000
24 Sidechain Chi_5 dihedral restraints:       0       0      0   0.000   0.000      0.0000       1.000
25 Phi/Psi pair of dihedral restraints:     153      34     20  25.877  79.034      28.163       1.000
26 Distance restraints 4 (SDCH-SDCH)  :    1058       0      0   0.927   0.927      82.589       1.000
27 Distance restraints 5 (X-Y)        :       0       0      0   0.000   0.000      0.0000       1.000
28 NMR distance restraints 6 (X-Y)    :       0       0      0   0.000   0.000      0.0000       1.000
29 NMR distance restraints 7 (X-Y)    :       0       0      0   0.000   0.000      0.0000       1.000
30 Minimal distance restraints        :       0       0      0   0.000   0.000      0.0000       1.000
31 Non-bonded restraints              :       0       0      0   0.000   0.000      0.0000       1.000
32 Atomic accessibility restraints    :       0       0      0   0.000   0.000      0.0000       1.000
33 Atomic density restraints          :       0       0      0   0.000   0.000      0.0000       1.000
34 Absolute position restraints       :       0       0      0   0.000   0.000      0.0000       1.000
35 Dihedral angle difference restraint:       0       0      0   0.000   0.000      0.0000       1.000
36 GBSA implicit solvent potential    :       0       0      0   0.000   0.000      0.0000       1.000
37 EM density fitting potential       :       0       0      0   0.000   0.000      0.0000       1.000
38 SAXS restraints                    :       0       0      0   0.000   0.000      0.0000       1.000
39 Symmetry restraints                :       0       0      0   0.000   0.000      0.0000       1.000



# Heavy relative violation of each residue is written to: TvLDH.V99990003
# The profile is NOT normalized by the number of restraints.
# The profiles are smoothed over a window of residues:    1
# The sum of all numbers in the file:   18929.0801



List of the violated restraints:
   A restraint is violated when the relative difference
   from the best value (RVIOL) is larger than CUTOFF.

   ICSR   ... index of a restraint in the current set.
   RESNO  ... residue numbers of the first two atoms.
   ATM    ... IUPAC atom names of the first two atoms.
   FEAT   ... the value of the feature in the model.
   restr  ... the mean of the basis restraint with the smallest
              difference from the model (local minimum).
   viol   ... difference from the local minimum.
   rviol  ... relative difference from the local minimum.
   RESTR  ... the best value (global minimum).
   VIOL   ... difference from the best value.
   RVIOL  ... relative difference from the best value.


-------------------------------------------------------------------------------------------------

Feature  2                           : Bond angle potential                    
List of the RVIOL violations larger than   :       4.5000

    #   ICSR  RESNO1/2 ATM1/2   INDATM1/2    FEAT   restr    viol   rviol   RESTR    VIOL   RVIOL
    1   2400 103P 103P N   CA    825  826  139.04  108.20   30.84    7.01  108.20   30.84    7.01

-------------------------------------------------------------------------------------------------

Feature 10                           : Distance restraints 2 (N-O)             
List of the RVIOL violations larger than   :       4.5000

    #   ICSR  RESNO1/2 ATM1/2   INDATM1/2    FEAT   restr    viol   rviol   RESTR    VIOL   RVIOL
    1   8010 102R  59R N   O     814  461   11.63    8.94    2.69    4.77    8.94    2.69    4.77

-------------------------------------------------------------------------------------------------

Feature 25                           : Phi/Psi pair of dihedral restraints     
List of the RVIOL violations larger than   :       6.5000

    #   ICSR  RESNO1/2 ATM1/2   INDATM1/2    FEAT   restr    viol   rviol   RESTR    VIOL   RVIOL
    1   4274   1M   2Y C   N       7    9 -105.92  -98.40    7.87    0.36  -63.50  174.72   25.69
    1          2Y   2Y N   CA      9   10  126.09  128.40                  -43.40
    2   4275   2Y   3R C   N      19   21 -129.14 -125.20   12.01    0.48  -63.00  179.58   28.81
    2          3R   3R N   CA     21   22  151.94  140.60                  -41.10
    3   4276   3R   4M C   N      30   32 -116.01 -125.60   12.19    0.36  -63.40 -178.72   23.54
    3          4M   4M N   CA     32   33  132.98  140.50                  -40.50
    4   4277   4M   5Q C   N      38   40  -95.23  -73.00   37.26    2.14  -63.80  152.37   24.09
    4          5Q   5Q N   CA     40   41  170.60  140.70                  -40.30
    5   4278   5Q   6L C   N      47   49 -104.26 -108.50   11.48    0.57  -63.50  168.06   21.36
    5          6L   6L N   CA     49   50  121.84  132.50                  -41.20
    6   4279   6L   7L C   N      55   57  -78.85  -70.70   30.77    2.05  -63.50  148.33   21.51
    6          7L   7L N   CA     57   58  171.27  141.60                  -41.20
    7   4280   7L   8S C   N      63   65  -58.75  -72.40   27.65    1.27  -64.10  163.44   12.17
    7          8S   8S N   CA     65   66  128.35  152.40                  -35.00
    8   4283  10I  11A C   N      83   85 -103.56 -134.00   45.21    1.44  -62.50  159.83   24.53
    8         11A  11A N   CA     85   86  113.57  147.00                  -40.90
    9   4284  11A  12L C   N      88   90 -177.82 -108.50   76.39    3.38  -63.50 -168.04   33.57
    9         12L  12L N   CA     90   91  164.60  132.50                  -41.20
   10   4285  12L  13S C   N      96   98  -60.22  -72.40   23.46    1.07  -64.10  167.40   12.36
   10         13S  13S N   CA     98   99  132.35  152.40                  -35.00
   11   4286  13S  14L C   N     102  104  -90.04 -108.50   19.46    1.01  -63.50 -178.18   23.85
   11         14L  14L N   CA    104  105  138.67  132.50                  -41.20
   12   4287  14L  15A C   N     110  112  -82.73  -68.20   14.56    1.26  -62.50  175.82   29.85
   12         15A  15A N   CA    112  113  144.45  145.30                  -40.90
   13   4288  15A  16L C   N     115  117 -107.53 -108.50    6.85    0.36  -63.50  172.63   21.87
   13         16L  16L N   CA    117  118  125.72  132.50                  -41.20
   14   4290  17V  18T C   N     130  132 -149.09 -124.80   24.37    1.24  -63.20 -167.37   30.28
   14         18T  18T N   CA    132  133  145.48  143.50                  -42.10
   15   4292  19N  20S C   N     145  147 -139.90 -136.60   10.87    0.60  -64.10 -168.52   11.93
   15         20S  20S N   CA    147  148  140.84  151.20                  -35.00
   16   4293  20S  21A C   N     151  153 -170.71 -134.00   38.40    0.92  -62.50 -166.15   37.50
   16         21A  21A N   CA    153  154  158.26  147.00                  -40.90
   17   4295  22P  23T C   N     163  165  -71.84  -78.10   22.40    0.78  -63.20  170.61   21.32
   17         23T  23T N   CA    165  166  128.29  149.80                  -42.10
   18   4296  23T  24S C   N     170  172 -135.94 -136.60   15.74    0.79  -64.10 -175.00   11.50
   18         24S  24S N   CA    172  173  135.47  151.20                  -35.00
   19   4297  24S  25S C   N     176  178 -165.63 -136.60   38.10    1.19  -64.10 -179.60   20.40
   19         25S  25S N   CA    178  179  175.87  151.20                  -35.00
   20   4298  25S  26S C   N     182  184  -61.19  -72.40   41.66    2.09  -64.10  147.30   10.85
   20         26S  26S N   CA    184  185  112.27  152.40                  -35.00
   21   4316  43M  44V C   N     330  332  -73.22  -62.40   12.05    2.06 -125.40  176.87    9.81
   21         44V  44V N   CA    332  333  -47.70  -42.40                  143.30
   22   4319  46L  47N C   N     353  355  -79.47 -119.90   51.22    2.74  -63.20  151.32   19.83
   22         47N  47N N   CA    355  356  168.46  137.00                  -41.10
   23   4320  47N  48G C   N     361  363   95.41   82.20   69.65    2.72  -62.40  158.92   27.57
   23         48G  48G N   CA    363  364  -59.88    8.50                  -41.20
   24   4323  50N  51N C   N     381  383 -105.13 -119.90   92.58    3.85  -63.20   96.31   10.40
   24         51N  51N N   CA    383  384   45.60  137.00                  -41.10
   25   4364  91L  92N C   N     730  732  -80.59 -119.90   71.34    2.26  -63.20  119.83   14.09
   25         92N  92N N   CA    732  733   77.46  137.00                  -41.10
   26   4366  93L  94A C   N     746  748 -158.11 -134.00   26.52    0.60  -62.50 -172.69   35.79
   26         94A  94A N   CA    748  749  158.04  147.00                  -40.90
   27   4367  94A  95Q C   N     751  753  -91.61  -73.00   34.33    2.60  -63.80  154.67   21.38
   27         95Q  95Q N   CA    753  754  111.85  140.70                  -40.30
   28   4368  95Q  96S C   N     760  762 -143.46 -136.60   39.81    1.87  -64.10  156.24   17.04
   28         96S  96S N   CA    762  763 -169.59  151.20                  -35.00
   29   4369  96S  97K C   N     766  768  -81.40  -70.20   82.85    5.74  -62.90   98.46   13.87
   29         97K  97K N   CA    768  769 -137.51  140.40                  -40.80
   30   4371  98N  99F C   N     783  785  -94.49  -71.40   30.73    2.67  -63.20  167.67   21.27
   30         99F  99F N   CA    785  786  120.43  140.70                  -44.30
   31   4372  99F 100H C   N     794  796 -146.35 -125.60   21.82    0.89  -63.20 -166.83   20.60
   31        100H 100H N   CA    796  797  132.05  138.80                  -42.30
   32   4394 121E 122T C   N     970  972  -83.09  -63.20   75.14   10.96  -63.20   75.14   10.96
   32        122T 122T N   CA    972  973 -114.55  -42.10                  -42.10
   33   4396 123T 124F C   N     984  986  -74.50  -71.40   26.39    2.21  -63.20  159.20   21.35
   33        124F 124F N   CA    986  987  114.49  140.70                  -44.30
   34   4403 130D 131E C   N    1043 1045  -84.60 -117.80   91.00    3.81  -69.30   91.72    7.51
   34        131E 131E N   CA   1045 1046   52.07  136.80                  142.50


report______> Distribution of short non-bonded contacts:


DISTANCE1:  0.00 2.10 2.20 2.30 2.40 2.50 2.60 2.70 2.80 2.90 3.00 3.10 3.20 3.30 3.40
DISTANCE2:  2.10 2.20 2.30 2.40 2.50 2.60 2.70 2.80 2.90 3.00 3.10 3.20 3.30 3.40 3.50
FREQUENCY:     0    0    0    0    0    7   21   53   91  120  105  141  196  183  175


<< end of ENERGY.
iupac_m_397W> Atoms were not swapped because of the uncertainty of how to handle the H atom.
>> Model assessment by DOPE potential
iatmcls_286W> MODEL atom not classified:  THR:OXT  THR


>> ENERGY; Differences between the model's features and restraints:
Number of all residues in MODEL                   :      155
Number of all, selected real atoms                :     1249    1249
Number of all, selected pseudo atoms              :        0       0
Number of all static, selected restraints         :    11677   11677
COVALENT_CYS                                      :        F
NONBONDED_SEL_ATOMS                               :        1
Number of non-bonded pairs (excluding 1-2,1-3,1-4):   190224
Dynamic pairs routine                             : 1, NATM x NATM double loop
Atomic shift for contacts update (UPDATE_DYNAMIC) :    0.390
LENNARD_JONES_SWITCH                              :    6.500   7.500
COULOMB_JONES_SWITCH                              :    6.500   7.500
RESIDUE_SPAN_RANGE                                :        1    9999
NLOGN_USE                                         :       15
CONTACT_SHELL                                     :   15.000
DYNAMIC_PAIRS,_SPHERE,_COULOMB,_LENNARD,_MODELLER :        T       F       F       F       T
SPHERE_STDV                                       :    0.050
RADII_FACTOR                                      :    0.820
Current energy                                    :      -15778.1592




<< end of ENERGY.
DOPE score               : -15778.159180
>> Model assessment by GA341 potential

Surface library          : C:\Program Files\Modeller10.8/modlib/surf5.de
Pair library             : C:\Program Files\Modeller10.8/modlib/pair9.de
Chain identifier         : _
% sequence identity      :    98.276001
Sequence length          :          155
Compactness              :     0.057010
Native energy (pair)     :  -142.452824
Native energy (surface)  :    -3.576166
Native energy (combined) :    -5.767165
Z score (pair)           :    -4.779008
Z score (surface)        :    -5.456581
Z score (combined)       :    -6.660408
GA341 score              :     1.000000



>> ENERGY; Differences between the model's features and restraints:
Number of all residues in MODEL                   :      155
Number of all, selected real atoms                :     1249    1249
Number of all, selected pseudo atoms              :        0       0
Number of all static, selected restraints         :    11677   11677
COVALENT_CYS                                      :        F
NONBONDED_SEL_ATOMS                               :        1
Number of non-bonded pairs (excluding 1-2,1-3,1-4):     2638
Dynamic pairs routine                             : 2, NATM x NATM cell sorting
Atomic shift for contacts update (UPDATE_DYNAMIC) :    0.390
LENNARD_JONES_SWITCH                              :    6.500   7.500
COULOMB_JONES_SWITCH                              :    6.500   7.500
RESIDUE_SPAN_RANGE                                :        0   99999
NLOGN_USE                                         :       15
CONTACT_SHELL                                     :    4.000
DYNAMIC_PAIRS,_SPHERE,_COULOMB,_LENNARD,_MODELLER :        T       T       F       F       F
SPHERE_STDV                                       :    0.050
RADII_FACTOR                                      :    0.820
Current energy                                    :         951.6257





Summary of the restraint violations: 

   NUM     ... number of restraints.
   NUMVI   ... number of restraints with RVIOL > VIOL_REPORT_CUT[i].
   RVIOL   ... relative difference from the best value.
   NUMVP   ... number of restraints with -Ln(pdf) > VIOL_REPORT_CUT2[i].
   RMS_1   ... RMS(feature, minimally_violated_basis_restraint, NUMB).
   RMS_2   ... RMS(feature, best_value, NUMB).
   MOL.PDF ... scaled contribution to -Ln(Molecular pdf).

 #                     RESTRAINT_GROUP      NUM   NUMVI  NUMVP   RMS_1   RMS_2         MOL.PDF     S_i
------------------------------------------------------------------------------------------------------
 1 Bond length potential              :    1268       0      0   0.006   0.006      13.067       1.000
 2 Bond angle potential               :    1714       0      3   1.849   1.849      111.59       1.000
 3 Stereochemical cosine torsion poten:     775       0     16  45.782  45.782      261.64       1.000
 4 Stereochemical improper torsion pot:     512       0      0   1.160   1.160      14.265       1.000
 5 Soft-sphere overlap restraints     :    2638       0      0   0.002   0.002      1.6009       1.000
 6 Lennard-Jones 6-12 potential       :       0       0      0   0.000   0.000      0.0000       1.000
 7 Coulomb point-point electrostatic p:       0       0      0   0.000   0.000      0.0000       1.000
 8 H-bonding potential                :       0       0      0   0.000   0.000      0.0000       1.000
 9 Distance restraints 1 (CA-CA)      :    1921       0     13   0.487   0.487      147.59       1.000
10 Distance restraints 2 (N-O)        :    2025       0     12   0.507   0.507      151.50       1.000
11 Mainchain Phi dihedral restraints  :       0       0      0   0.000   0.000      0.0000       1.000
12 Mainchain Psi dihedral restraints  :       0       0      0   0.000   0.000      0.0000       1.000
13 Mainchain Omega dihedral restraints:     154       1      4  13.670  13.670      35.717       1.000
14 Sidechain Chi_1 dihedral restraints:     146       0      0  62.025  62.025      14.224       1.000
15 Sidechain Chi_2 dihedral restraints:     111       0      0  67.063  67.063      25.720       1.000
16 Sidechain Chi_3 dihedral restraints:      47       0      0  67.768  67.768      28.652       1.000
17 Sidechain Chi_4 dihedral restraints:      17       0      0  99.330  99.330      11.666       1.000
18 Disulfide distance restraints      :       1       0      0   0.003   0.003     0.17656E-02   1.000
19 Disulfide angle restraints         :       2       0      0   1.368   1.368     0.82599E-01   1.000
20 Disulfide dihedral angle restraints:       1       0      0  53.093  53.093      1.7418       1.000
21 Lower bound distance restraints    :       0       0      0   0.000   0.000      0.0000       1.000
22 Upper bound distance restraints    :       0       0      0   0.000   0.000      0.0000       1.000
23 Distance restraints 3 (SDCH-MNCH)  :    1772       0      0   0.431   0.431      32.257       1.000
24 Sidechain Chi_5 dihedral restraints:       0       0      0   0.000   0.000      0.0000       1.000
25 Phi/Psi pair of dihedral restraints:     153      33     19  23.966  80.496      35.288       1.000
26 Distance restraints 4 (SDCH-SDCH)  :    1058       0      1   0.885   0.885      65.023       1.000
27 Distance restraints 5 (X-Y)        :       0       0      0   0.000   0.000      0.0000       1.000
28 NMR distance restraints 6 (X-Y)    :       0       0      0   0.000   0.000      0.0000       1.000
29 NMR distance restraints 7 (X-Y)    :       0       0      0   0.000   0.000      0.0000       1.000
30 Minimal distance restraints        :       0       0      0   0.000   0.000      0.0000       1.000
31 Non-bonded restraints              :       0       0      0   0.000   0.000      0.0000       1.000
32 Atomic accessibility restraints    :       0       0      0   0.000   0.000      0.0000       1.000
33 Atomic density restraints          :       0       0      0   0.000   0.000      0.0000       1.000
34 Absolute position restraints       :       0       0      0   0.000   0.000      0.0000       1.000
35 Dihedral angle difference restraint:       0       0      0   0.000   0.000      0.0000       1.000
36 GBSA implicit solvent potential    :       0       0      0   0.000   0.000      0.0000       1.000
37 EM density fitting potential       :       0       0      0   0.000   0.000      0.0000       1.000
38 SAXS restraints                    :       0       0      0   0.000   0.000      0.0000       1.000
39 Symmetry restraints                :       0       0      0   0.000   0.000      0.0000       1.000



# Heavy relative violation of each residue is written to: TvLDH.V99990004
# The profile is NOT normalized by the number of restraints.
# The profiles are smoothed over a window of residues:    1
# The sum of all numbers in the file:   18595.2598



List of the violated restraints:
   A restraint is violated when the relative difference
   from the best value (RVIOL) is larger than CUTOFF.

   ICSR   ... index of a restraint in the current set.
   RESNO  ... residue numbers of the first two atoms.
   ATM    ... IUPAC atom names of the first two atoms.
   FEAT   ... the value of the feature in the model.
   restr  ... the mean of the basis restraint with the smallest
              difference from the model (local minimum).
   viol   ... difference from the local minimum.
   rviol  ... relative difference from the local minimum.
   RESTR  ... the best value (global minimum).
   VIOL   ... difference from the best value.
   RVIOL  ... relative difference from the best value.


-------------------------------------------------------------------------------------------------

Feature 13                           : Mainchain Omega dihedral restraints     
List of the RVIOL violations larger than   :       4.5000

    #   ICSR  RESNO1/2 ATM1/2   INDATM1/2    FEAT   restr    viol   rviol   RESTR    VIOL   RVIOL
    1   4528 102R 102R CA  C     815  823  160.80   -0.75  161.54   32.96   -0.75  161.54   32.96

-------------------------------------------------------------------------------------------------

Feature 25                           : Phi/Psi pair of dihedral restraints     
List of the RVIOL violations larger than   :       6.5000

    #   ICSR  RESNO1/2 ATM1/2   INDATM1/2    FEAT   restr    viol   rviol   RESTR    VIOL   RVIOL
    1   4275   2Y   3R C   N      19   21  -66.52  -72.10    9.01    0.78  -63.00  169.96   23.20
    1          3R   3R N   CA     21   22  148.98  141.90                  -41.10
    2   4276   3R   4M C   N      30   32 -128.35 -125.60   41.85    1.94  -63.40  151.83   27.77
    2          4M   4M N   CA     32   33 -177.74  140.50                  -40.50
    3   4277   4M   5Q C   N      38   40  -65.50  -73.00    7.52    0.55  -63.80  178.42   26.32
    3          5Q   5Q N   CA     40   41  141.29  140.70                  -40.30
    4   4278   5Q   6L C   N      47   49 -112.98 -108.50   13.62    0.68  -63.50 -179.65   28.09
    4          6L   6L N   CA     49   50  145.37  132.50                  -41.20
    5   4279   6L   7L C   N      55   57  -82.19  -70.70   11.74    0.98  -63.50  175.81   25.52
    5          7L   7L N   CA     57   58  143.98  141.60                  -41.20
    6   4280   7L   8S C   N      63   65  -93.32  -72.40   24.96    1.31  -64.10  161.65   13.66
    6          8S   8S N   CA     65   66  166.01  152.40                  -35.00
    7   4283  10I  11A C   N      83   85  -72.59  -68.20   21.54    1.89  -62.50  165.42   26.63
    7         11A  11A N   CA     85   86  124.21  145.30                  -40.90
    8   4284  11A  12L C   N      88   90 -150.30 -108.50   47.20    2.08  -63.50 -174.12   31.17
    8         12L  12L N   CA     90   91  154.43  132.50                  -41.20
    9   4285  12L  13S C   N      96   98  -77.26  -72.40   11.54    0.84  -64.10  177.43   12.13
    9         13S  13S N   CA     98   99  141.94  152.40                  -35.00
   10   4286  13S  14L C   N     102  104 -120.85 -108.50   17.58    0.99  -63.50  171.09   21.26
   10         14L  14L N   CA    104  105  119.99  132.50                  -41.20
   11   4287  14L  15A C   N     110  112  134.54 -134.00   95.05    2.32  -62.50 -141.06   44.01
   11         15A  15A N   CA    112  113  172.89  147.00                  -40.90
   12   4288  15A  16L C   N     115  117  -71.23  -70.70    8.03    0.63  -63.50  174.96   23.86
   12         16L  16L N   CA    117  118  133.59  141.60                  -41.20
   13   4290  17V  18T C   N     130  132 -123.63 -124.80    1.40    0.08  -63.20 -176.15   27.58
   13         18T  18T N   CA    132  133  144.26  143.50                  -42.10
   14   4291  18T  19N C   N     137  139 -120.75 -119.90    5.58    0.23  -63.20 -174.47   26.47
   14         19N  19N N   CA    139  140  142.52  137.00                  -41.10
   15   4292  19N  20S C   N     145  147  -93.72  -72.40   48.32    3.55  -64.10  147.06    9.31
   15         20S  20S N   CA    147  148  109.04  152.40                  -35.00
   16   4293  20S  21A C   N     151  153 -173.81 -134.00   42.67    0.98  -62.50 -167.73   37.38
   16         21A  21A N   CA    153  154  162.33  147.00                  -40.90
   17   4295  22P  23T C   N     163  165  -81.22  -78.10   34.36    1.37  -63.20  135.08   18.52
   17         23T  23T N   CA    165  166 -175.98  149.80                  -42.10
   18   4296  23T  24S C   N     170  172  -83.34  -72.40   54.11    3.56  -64.10  135.78    8.87
   18         24S  24S N   CA    172  173   99.40  152.40                  -35.00
   19   4297  24S  25S C   N     176  178  174.67 -136.60   49.46    1.75  -64.10 -154.98   23.61
   19         25S  25S N   CA    178  179  159.65  151.20                  -35.00
   20   4298  25S  26S C   N     182  184 -135.86 -136.60    4.68    0.22  -64.10 -167.69   19.02
   20         26S  26S N   CA    184  185  146.58  151.20                  -35.00
   21   4316  43M  44V C   N     330  332  -71.37  -62.40   20.12    3.10 -125.40  165.37    9.25
   21         44V  44V N   CA    332  333  -60.41  -42.40                  143.30
   22   4319  46L  47N C   N     353  355  -79.40 -119.90   51.20    2.74  -63.20  151.45   19.84
   22         47N  47N N   CA    355  356  168.32  137.00                  -41.10
   23   4320  47N  48G C   N     361  363   93.02   82.20   68.98    2.80  -62.40  156.51   27.15
   23         48G  48G N   CA    363  364  -59.62    8.50                  -41.20
   24   4366  93L  94A C   N     746  748  -61.93  -68.20   18.39    1.27  -62.50  168.91   27.71
   24         94A  94A N   CA    748  749  128.01  145.30                  -40.90
   25   4367  94A  95Q C   N     751  753 -146.19 -121.10   27.16    0.85  -63.80 -171.44   32.02
   25         95Q  95Q N   CA    753  754  150.09  139.70                  -40.30
   26   4368  95Q  96S C   N     760  762 -143.81 -136.60   17.91    0.73  -64.10  176.44   18.50
   26         96S  96S N   CA    762  763  167.59  151.20                  -35.00
   27   4371  98N  99F C   N     783  785 -150.13 -124.20   26.28    0.90  -63.20 -170.76   31.84
   27         99F  99F N   CA    785  786  147.60  143.30                  -44.30
   28   4372  99F 100H C   N     794  796 -109.01 -125.60   71.67    2.39  -63.20  120.43   12.95
   28        100H 100H N   CA    796  797   69.08  138.80                  -42.30
   29   4373 100H 101L C   N     804  806 -163.37 -108.50   55.50    2.55  -63.50 -155.92   34.49
   29        101L 101L N   CA    806  807  140.83  132.50                  -41.20
   30   4375 102R 103P C   N     823  825 -121.41  -64.50   64.98    7.30  -64.50   64.98    7.30
   30        103P 103P N   CA    825  826  115.83  147.20                  147.20
   31   4393 120S 121E C   N     961  963 -110.81 -117.80   72.37    3.75  -63.60  120.50   18.72
   31        121E 121E N   CA    963  964 -151.17  136.80                  -40.30
   32   4396 123T 124F C   N     984  986  -74.74  -71.40    7.50    0.50  -63.20  168.67   24.20
   32        124F 124F N   CA    986  987  147.42  140.70                  -44.30
   33   4404 131E 132K C   N    1052 1054   57.42   56.60    6.44    0.40  -62.90  140.74   24.56
   33        132K 132K N   CA   1054 1055   32.22   38.60                  -40.80


report______> Distribution of short non-bonded contacts:


DISTANCE1:  0.00 2.10 2.20 2.30 2.40 2.50 2.60 2.70 2.80 2.90 3.00 3.10 3.20 3.30 3.40
DISTANCE2:  2.10 2.20 2.30 2.40 2.50 2.60 2.70 2.80 2.90 3.00 3.10 3.20 3.30 3.40 3.50
FREQUENCY:     0    0    0    0    0    9   14   60  103  139  107  158  195  182  200


<< end of ENERGY.
iupac_m_397W> Atoms were not swapped because of the uncertainty of how to handle the H atom.
>> Model assessment by DOPE potential
iatmcls_286W> MODEL atom not classified:  THR:OXT  THR


>> ENERGY; Differences between the model's features and restraints:
Number of all residues in MODEL                   :      155
Number of all, selected real atoms                :     1249    1249
Number of all, selected pseudo atoms              :        0       0
Number of all static, selected restraints         :    11677   11677
COVALENT_CYS                                      :        F
NONBONDED_SEL_ATOMS                               :        1
Number of non-bonded pairs (excluding 1-2,1-3,1-4):   192997
Dynamic pairs routine                             : 1, NATM x NATM double loop
Atomic shift for contacts update (UPDATE_DYNAMIC) :    0.390
LENNARD_JONES_SWITCH                              :    6.500   7.500
COULOMB_JONES_SWITCH                              :    6.500   7.500
RESIDUE_SPAN_RANGE                                :        1    9999
NLOGN_USE                                         :       15
CONTACT_SHELL                                     :   15.000
DYNAMIC_PAIRS,_SPHERE,_COULOMB,_LENNARD,_MODELLER :        T       F       F       F       T
SPHERE_STDV                                       :    0.050
RADII_FACTOR                                      :    0.820
Current energy                                    :      -16167.6680




<< end of ENERGY.
DOPE score               : -16167.667969
>> Model assessment by GA341 potential

Surface library          : C:\Program Files\Modeller10.8/modlib/surf5.de
Pair library             : C:\Program Files\Modeller10.8/modlib/pair9.de
Chain identifier         : _
% sequence identity      :    98.276001
Sequence length          :          155
Compactness              :     0.048396
Native energy (pair)     :  -128.781008
Native energy (surface)  :    -5.085833
Native energy (combined) :    -5.464142
Z score (pair)           :    -4.648408
Z score (surface)        :    -5.219420
Z score (combined)       :    -6.504575
GA341 score              :     1.000000



>> ENERGY; Differences between the model's features and restraints:
Number of all residues in MODEL                   :      155
Number of all, selected real atoms                :     1249    1249
Number of all, selected pseudo atoms              :        0       0
Number of all static, selected restraints         :    11677   11677
COVALENT_CYS                                      :        F
NONBONDED_SEL_ATOMS                               :        1
Number of non-bonded pairs (excluding 1-2,1-3,1-4):     2569
Dynamic pairs routine                             : 2, NATM x NATM cell sorting
Atomic shift for contacts update (UPDATE_DYNAMIC) :    0.390
LENNARD_JONES_SWITCH                              :    6.500   7.500
COULOMB_JONES_SWITCH                              :    6.500   7.500
RESIDUE_SPAN_RANGE                                :        0   99999
NLOGN_USE                                         :       15
CONTACT_SHELL                                     :    4.000
DYNAMIC_PAIRS,_SPHERE,_COULOMB,_LENNARD,_MODELLER :        T       T       F       F       F
SPHERE_STDV                                       :    0.050
RADII_FACTOR                                      :    0.820
Current energy                                    :        1058.0884





Summary of the restraint violations: 

   NUM     ... number of restraints.
   NUMVI   ... number of restraints with RVIOL > VIOL_REPORT_CUT[i].
   RVIOL   ... relative difference from the best value.
   NUMVP   ... number of restraints with -Ln(pdf) > VIOL_REPORT_CUT2[i].
   RMS_1   ... RMS(feature, minimally_violated_basis_restraint, NUMB).
   RMS_2   ... RMS(feature, best_value, NUMB).
   MOL.PDF ... scaled contribution to -Ln(Molecular pdf).

 #                     RESTRAINT_GROUP      NUM   NUMVI  NUMVP   RMS_1   RMS_2         MOL.PDF     S_i
------------------------------------------------------------------------------------------------------
 1 Bond length potential              :    1268       0      0   0.006   0.006      13.789       1.000
 2 Bond angle potential               :    1714       0      3   1.975   1.975      126.48       1.000
 3 Stereochemical cosine torsion poten:     775       0     15  45.479  45.479      257.68       1.000
 4 Stereochemical improper torsion pot:     512       0      0   1.281   1.281      16.717       1.000
 5 Soft-sphere overlap restraints     :    2569       0      0   0.002   0.002      1.3356       1.000
 6 Lennard-Jones 6-12 potential       :       0       0      0   0.000   0.000      0.0000       1.000
 7 Coulomb point-point electrostatic p:       0       0      0   0.000   0.000      0.0000       1.000
 8 H-bonding potential                :       0       0      0   0.000   0.000      0.0000       1.000
 9 Distance restraints 1 (CA-CA)      :    1921       1     13   0.488   0.488      158.07       1.000
10 Distance restraints 2 (N-O)        :    2025       0     11   0.478   0.478      148.63       1.000
11 Mainchain Phi dihedral restraints  :       0       0      0   0.000   0.000      0.0000       1.000
12 Mainchain Psi dihedral restraints  :       0       0      0   0.000   0.000      0.0000       1.000
13 Mainchain Omega dihedral restraints:     154       1      3  13.840  13.840      40.061       1.000
14 Sidechain Chi_1 dihedral restraints:     146       0      1  68.134  68.134      31.947       1.000
15 Sidechain Chi_2 dihedral restraints:     111       0      1  74.771  74.771      46.033       1.000
16 Sidechain Chi_3 dihedral restraints:      47       0      1  68.458  68.458      34.760       1.000
17 Sidechain Chi_4 dihedral restraints:      17       0      0  91.688  91.688      12.701       1.000
18 Disulfide distance restraints      :       1       0      0   0.005   0.005     0.39190E-02   1.000
19 Disulfide angle restraints         :       2       0      0   1.200   1.200     0.63627E-01   1.000
20 Disulfide dihedral angle restraints:       1       0      0  43.163  43.163      1.4723       1.000
21 Lower bound distance restraints    :       0       0      0   0.000   0.000      0.0000       1.000
22 Upper bound distance restraints    :       0       0      0   0.000   0.000      0.0000       1.000
23 Distance restraints 3 (SDCH-MNCH)  :    1772       0      0   0.470   0.470      37.861       1.000
24 Sidechain Chi_5 dihedral restraints:       0       0      0   0.000   0.000      0.0000       1.000
25 Phi/Psi pair of dihedral restraints:     153      33     18  24.151  78.156      31.633       1.000
26 Distance restraints 4 (SDCH-SDCH)  :    1058       0      0   1.098   1.098      98.854       1.000
27 Distance restraints 5 (X-Y)        :       0       0      0   0.000   0.000      0.0000       1.000
28 NMR distance restraints 6 (X-Y)    :       0       0      0   0.000   0.000      0.0000       1.000
29 NMR distance restraints 7 (X-Y)    :       0       0      0   0.000   0.000      0.0000       1.000
30 Minimal distance restraints        :       0       0      0   0.000   0.000      0.0000       1.000
31 Non-bonded restraints              :       0       0      0   0.000   0.000      0.0000       1.000
32 Atomic accessibility restraints    :       0       0      0   0.000   0.000      0.0000       1.000
33 Atomic density restraints          :       0       0      0   0.000   0.000      0.0000       1.000
34 Absolute position restraints       :       0       0      0   0.000   0.000      0.0000       1.000
35 Dihedral angle difference restraint:       0       0      0   0.000   0.000      0.0000       1.000
36 GBSA implicit solvent potential    :       0       0      0   0.000   0.000      0.0000       1.000
37 EM density fitting potential       :       0       0      0   0.000   0.000      0.0000       1.000
38 SAXS restraints                    :       0       0      0   0.000   0.000      0.0000       1.000
39 Symmetry restraints                :       0       0      0   0.000   0.000      0.0000       1.000



# Heavy relative violation of each residue is written to: TvLDH.V99990005
# The profile is NOT normalized by the number of restraints.
# The profiles are smoothed over a window of residues:    1
# The sum of all numbers in the file:   19542.0234



List of the violated restraints:
   A restraint is violated when the relative difference
   from the best value (RVIOL) is larger than CUTOFF.

   ICSR   ... index of a restraint in the current set.
   RESNO  ... residue numbers of the first two atoms.
   ATM    ... IUPAC atom names of the first two atoms.
   FEAT   ... the value of the feature in the model.
   restr  ... the mean of the basis restraint with the smallest
              difference from the model (local minimum).
   viol   ... difference from the local minimum.
   rviol  ... relative difference from the local minimum.
   RESTR  ... the best value (global minimum).
   VIOL   ... difference from the best value.
   RVIOL  ... relative difference from the best value.


-------------------------------------------------------------------------------------------------

Feature  9                           : Distance restraints 1 (CA-CA)           
List of the RVIOL violations larger than   :       4.5000

    #   ICSR  RESNO1/2 ATM1/2   INDATM1/2    FEAT   restr    viol   rviol   RESTR    VIOL   RVIOL
    1   5628  56K 102R CA  CA    428  815    8.27    5.72    2.55    4.95    5.72    2.55    4.95

-------------------------------------------------------------------------------------------------

Feature 13                           : Mainchain Omega dihedral restraints     
List of the RVIOL violations larger than   :       4.5000

    #   ICSR  RESNO1/2 ATM1/2   INDATM1/2    FEAT   restr    viol   rviol   RESTR    VIOL   RVIOL
    1   4528 102R 102R CA  C     815  823  161.81   -0.75  162.55   33.17   -0.75  162.55   33.17

-------------------------------------------------------------------------------------------------

Feature 25                           : Phi/Psi pair of dihedral restraints     
List of the RVIOL violations larger than   :       6.5000

    #   ICSR  RESNO1/2 ATM1/2   INDATM1/2    FEAT   restr    viol   rviol   RESTR    VIOL   RVIOL
    1   4274   1M   2Y C   N       7    9 -127.17 -124.30    7.50    0.30  -63.50 -174.47   32.64
    1          2Y   2Y N   CA      9   10  142.33  135.40                  -43.40
    2   4275   2Y   3R C   N      19   21 -127.47 -125.20    2.89    0.09  -63.00 -172.08   29.83
    2          3R   3R N   CA     21   22  142.39  140.60                  -41.10
    3   4276   3R   4M C   N      30   32  -88.61  -73.00   26.46    1.65  -63.40  157.16   25.47
    3          4M   4M N   CA     32   33  164.37  143.00                  -40.50
    4   4277   4M   5Q C   N      38   40  -76.65  -73.00   25.48    1.74  -63.80  156.32   22.33
    4          5Q   5Q N   CA     40   41  115.48  140.70                  -40.30
    5   4279   6L   7L C   N      55   57 -120.00 -108.50   23.91    1.15  -63.50  174.72   27.75
    5          7L   7L N   CA     57   58  153.46  132.50                  -41.20
    6   4280   7L   8S C   N      63   65  -59.15  -72.40   14.37    0.84  -64.10  178.22   12.63
    6          8S   8S N   CA     65   66  146.85  152.40                  -35.00
    7   4283  10I  11A C   N      83   85 -121.13 -134.00   17.71    1.03  -62.50  170.34   31.05
    7         11A  11A N   CA     85   86  159.17  147.00                  -40.90
    8   4284  11A  12L C   N      88   90  -89.93  -70.70   21.09    1.59  -63.50  170.63   25.28
    8         12L  12L N   CA     90   91  150.23  141.60                  -41.20
    9   4285  12L  13S C   N      96   98  -66.73  -72.40   13.58    0.64  -64.10  175.08   12.53
    9         13S  13S N   CA     98   99  140.06  152.40                  -35.00
   10   4286  13S  14L C   N     102  104  -77.36  -70.70    8.34    0.56  -63.50  172.74   24.80
   10         14L  14L N   CA    104  105  146.62  141.60                  -41.20
   11   4287  14L  15A C   N     110  112 -118.70 -134.00   21.32    0.63  -62.50 -178.05   27.66
   11         15A  15A N   CA    112  113  132.16  147.00                  -40.90
   12   4288  15A  16L C   N     115  117 -122.32 -108.50   13.82    0.66  -63.50 -176.81   22.83
   12         16L  16L N   CA    117  118  132.29  132.50                  -41.20
   13   4290  17V  18T C   N     130  132 -136.64 -124.80   19.96    1.16  -63.20 -175.24   19.89
   13         18T  18T N   CA    132  133  127.43  143.50                  -42.10
   14   4291  18T  19N C   N     137  139  -68.51  -71.20   12.58    0.88  -63.20  163.90   20.78
   14         19N  19N N   CA    139  140  155.08  142.80                  -41.10
   15   4292  19N  20S C   N     145  147 -102.30  -72.40   50.84    3.93  -64.10  151.20    9.40
   15         20S  20S N   CA    147  148  111.29  152.40                  -35.00
   16   4293  20S  21A C   N     151  153 -161.67 -134.00   28.07    0.76  -62.50 -165.43   37.17
   16         21A  21A N   CA    153  154  151.70  147.00                  -40.90
   17   4295  22P  23T C   N     163  165  -82.81  -78.10   53.85    2.15  -63.20  116.13   16.20
   17         23T  23T N   CA    165  166 -156.56  149.80                  -42.10
   18   4296  23T  24S C   N     170  172  -65.36  -72.40    7.39    0.45  -64.10  174.85   12.74
   18         24S  24S N   CA    172  173  150.16  152.40                  -35.00
   19   4297  24S  25S C   N     176  178 -157.28 -136.60   44.72    1.74  -64.10  163.34   18.56
   19         25S  25S N   CA    178  179 -169.16  151.20                  -35.00
   20   4298  25S  26S C   N     182  184  -61.63  -72.40   14.54    0.70  -64.10  177.66   13.02
   20         26S  26S N   CA    184  185  142.64  152.40                  -35.00
   21   4316  43M  44V C   N     330  332  -72.44  -62.40   19.40    3.06 -125.40  166.35    9.28
   21         44V  44V N   CA    332  333  -59.00  -42.40                  143.30
   22   4323  50N  51N C   N     381  383 -104.82 -119.90   90.58    3.75  -63.20   98.06   10.61
   22         51N  51N N   CA    383  384   47.69  137.00                  -41.10
   23   4366  93L  94A C   N     746  748  -42.79  -68.20   25.44    2.20  -62.50  173.69   27.56
   23         94A  94A N   CA    748  749  146.53  145.30                  -40.90
   24   4367  94A  95Q C   N     751  753  -71.30  -73.00    2.40    0.19  -63.80  177.47   26.49
   24         95Q  95Q N   CA    753  754  142.39  140.70                  -40.30
   25   4368  95Q  96S C   N     760  762  143.56 -136.60  115.64    3.78  -64.10  177.01   23.28
   25         96S  96S N   CA    762  763 -125.15  151.20                  -35.00
   26   4369  96S  97K C   N     766  768  -76.26  -70.20   30.03    2.03  -62.90  149.99   20.23
   26         97K  97K N   CA    768  769  169.81  140.40                  -40.80
   27   4371  98N  99F C   N     783  785  -79.16  -71.40   76.81    6.39  -63.20  109.75   14.20
   27         99F  99F N   CA    785  786   64.28  140.70                  -44.30
   28   4372  99F 100H C   N     794  796 -137.63 -125.60   17.87    0.81  -63.20 -176.35   19.65
   28        100H 100H N   CA    796  797  125.58  138.80                  -42.30
   29   4373 100H 101L C   N     804  806  -96.89 -108.50   27.91    1.59  -63.50  164.34   24.85
   29        101L 101L N   CA    806  807  157.88  132.50                  -41.20
   30   4375 102R 103P C   N     823  825 -128.39  -64.50   67.66    7.52  -64.50   67.66    7.52
   30        103P 103P N   CA    825  826  124.92  147.20                  147.20
   31   4393 120S 121E C   N     961  963 -121.54 -117.80   70.53    3.61  -63.60  121.39   14.04
   31        121E 121E N   CA    963  964   66.37  136.80                  -40.30
   32   4394 121E 122T C   N     970  972 -139.20 -124.80   46.42    1.60  -63.20  150.82   24.21
   32        122T 122T N   CA    972  973 -172.37  143.50                  -42.10
   33   4396 123T 124F C   N     984  986  -65.30  -71.40   15.91    1.09  -63.20  170.32   23.51
   33        124F 124F N   CA    986  987  126.00  140.70                  -44.30


report______> Distribution of short non-bonded contacts:


DISTANCE1:  0.00 2.10 2.20 2.30 2.40 2.50 2.60 2.70 2.80 2.90 3.00 3.10 3.20 3.30 3.40
DISTANCE2:  2.10 2.20 2.30 2.40 2.50 2.60 2.70 2.80 2.90 3.00 3.10 3.20 3.30 3.40 3.50
FREQUENCY:     0    0    0    0    0    6   19   58   86  129  139  165  194  198  185


<< end of ENERGY.

>> Summary of successfully produced models:
Filename                          molpdf     DOPE score    GA341 score
----------------------------------------------------------------------
TvLDH.B99990001.pdb            999.60370   -16232.53320        1.00000
TvLDH.B99990002.pdb            955.75458   -16037.79590        1.00000
TvLDH.B99990003.pdb           1068.02759   -16372.72363        1.00000
TvLDH.B99990004.pdb            951.62573   -15778.15918        1.00000
TvLDH.B99990005.pdb           1058.08838   -16167.66797        1.00000

Total CPU time [seconds]                                 :      23.22
